<?xml version="1.0" encoding="UTF-8"?>
<!-- Generated by org.testng.reporters.JUnitReportReporter -->
<testsuite hostname="LAPTOP-GUCQM6AV" failures="0" tests="1" name="TestCase.ApiTestCase" time="2.367" errors="0" timestamp="2022-11-25T14:22:14 IST" skipped="0">
  <testcase classname="TestCase.ApiTestCase" name="GeneralSetting" time="2.367"/>
  <system-out/>
</testsuite> <!-- TestCase.ApiTestCase -->
