<?xml version="1.0" encoding="UTF-8"?>
<!-- Generated by org.testng.reporters.JUnitReportReporter -->
<testsuite hostname="LAPTOP-GUCQM6AV" failures="0" tests="1" name="TestCase.Login" time="3.437" errors="0" timestamp="2022-11-28T12:33:18 IST" skipped="0">
  <testcase classname="TestCase.Login" name="Login_user_with_valid_data" time="3.437"/>
  <system-out/>
</testsuite> <!-- TestCase.Login -->
